New log file opened at Thu Dec 31 12:07:43 GMT 2015 by 1480@FoxyOrange
Sending msg to client play-fork-run-712d7d4d-9669-4fa8-bf26-15316a1b78ae: DetachedLogEvent(LogMessage(debug,sbt server socket logs are in: C:\Users\charl\workspace\NBG_IMS\.sbtserver\connections\master.log))
Sending msg to client play-fork-run-712d7d4d-9669-4fa8-bf26-15316a1b78ae: DetachedLogEvent(LogMessage(debug,sbt client logs are in: C:\Users\charl\workspace\NBG_IMS\.sbtserver\connections\play-fork-run-712d7d4d-9669-4fa8-bf26-15316a1b78ae.log))
Sending msg to client play-fork-run-712d7d4d-9669-4fa8-bf26-15316a1b78ae: DetachedLogEvent(LogMessage(debug,sbt general server logs are in: C:\Users\charl\workspace\NBG_IMS\.sbtserver\master.log))
Reading next message from client.
Got request: DaemonRequest(true)
Reading next message from client.
Sending msg to client play-fork-run-712d7d4d-9669-4fa8-bf26-15316a1b78ae: (3,ReceivedResponse())
Got request: ListenToEvents()
Reading next message from client.
Sending msg to client play-fork-run-712d7d4d-9669-4fa8-bf26-15316a1b78ae: BackgroundJobStarted(13,BackgroundJobInfo(1,backgroundRun,AttributeKey[sbt.BackgroundJobHandle]("backgroundRun") in Scope(Build: file:/C:/Users/charl/workspace/NBG_IMS/, , Project: ProjectReference(file:/C:/Users/charl/workspace/NBG_IMS/,root), Config: compile)))
Sending msg to client play-fork-run-712d7d4d-9669-4fa8-bf26-15316a1b78ae: (4,ReceivedResponse())
Got request: KeyLookupRequest(root/playForkConfig)
Reading next message from client.
Sending msg to client play-fork-run-712d7d4d-9669-4fa8-bf26-15316a1b78ae: (5,KeyLookupResponse(root/playForkConfig,Vector(AttributeKey[play.forkrun.protocol.ForkConfig]("playForkConfig") in Scope(Build: file:/C:/Users/charl/workspace/NBG_IMS/, , Project: ProjectReference(file:/C:/Users/charl/workspace/NBG_IMS/,root)))))
Got request: ListenToValue(AttributeKey[play.forkrun.protocol.ForkConfig]("playForkConfig") in Scope(Build: file:/C:/Users/charl/workspace/NBG_IMS/, , Project: ProjectReference(file:/C:/Users/charl/workspace/NBG_IMS/,root)))
Reading next message from client.
Got request: KeyExecutionRequest(AttributeKey[play.forkrun.protocol.ForkConfig]("playForkConfig") in Scope(Build: file:/C:/Users/charl/workspace/NBG_IMS/, , Project: ProjectReference(file:/C:/Users/charl/workspace/NBG_IMS/,root)))
Reading next message from client.
Sending msg to client play-fork-run-712d7d4d-9669-4fa8-bf26-15316a1b78ae: (6,ReceivedResponse())
Sending msg to client play-fork-run-712d7d4d-9669-4fa8-bf26-15316a1b78ae: (7,ExecutionRequestReceived(14))
Sending msg to client play-fork-run-712d7d4d-9669-4fa8-bf26-15316a1b78ae: ExecutionWaiting(14,{file:/C:/Users/charl/workspace/NBG_IMS/}root/*:playForkConfig,ClientInfo(712d7d4d-9669-4fa8-bf26-15316a1b78ae,play-fork-run,Play Fork Run,1,Vector()))
Sending msg to client play-fork-run-712d7d4d-9669-4fa8-bf26-15316a1b78ae: ExecutionStarting(14)
Sending msg to client play-fork-run-712d7d4d-9669-4fa8-bf26-15316a1b78ae: DetachedLogEvent(LogMessage(debug,> {file:/C:/Users/charl/workspace/NBG_IMS/}root/*:playForkConfig))
Sending msg to client play-fork-run-712d7d4d-9669-4fa8-bf26-15316a1b78ae: DetachedLogEvent(LogMessage(debug,Evaluating tasks: *:playForkConfig))
Sending msg to client play-fork-run-712d7d4d-9669-4fa8-bf26-15316a1b78ae: DetachedLogEvent(LogMessage(debug,Running task... Cancel: sbt.server.ServerTaskCancellation@eea8836, check cycles: false))
Sending msg to client play-fork-run-712d7d4d-9669-4fa8-bf26-15316a1b78ae: DetachedLogEvent(LogMessage(debug,cancel strategy start enabled=true lastCommand=Some(LastCommand(CommandExecutionWork(ExecutionId(14),{file:/C:/Users/charl/workspace/NBG_IMS/}root/*:playForkConfig,Set(LiveClient(play-fork-run 712d7d4d-9669-4fa8-bf26-15316a1b78ae)),sbt.server.WorkCancellationStatus$$anon$1@f54ec46)))))
Sending msg to client play-fork-run-712d7d4d-9669-4fa8-bf26-15316a1b78ae: TaskStarted(14,1327,None)
Sending msg to client play-fork-run-712d7d4d-9669-4fa8-bf26-15316a1b78ae: TaskStarted(14,1331,None)
Sending msg to client play-fork-run-712d7d4d-9669-4fa8-bf26-15316a1b78ae: TaskStarted(14,1338,None)
Sending msg to client play-fork-run-712d7d4d-9669-4fa8-bf26-15316a1b78ae: TaskStarted(14,1342,None)
Sending msg to client play-fork-run-712d7d4d-9669-4fa8-bf26-15316a1b78ae: TaskStarted(14,1344,None)
Sending msg to client play-fork-run-712d7d4d-9669-4fa8-bf26-15316a1b78ae: TaskStarted(14,1345,Some(AttributeKey[java.lang.String]("updateCacheName") in Scope(Build: file:/C:/Users/charl/workspace/NBG_IMS/, , Project: ProjectReference(file:/C:/Users/charl/workspace/NBG_IMS/,root))))
Sending msg to client play-fork-run-712d7d4d-9669-4fa8-bf26-15316a1b78ae: TaskStarted(14,1351,None)
Sending msg to client play-fork-run-712d7d4d-9669-4fa8-bf26-15316a1b78ae: TaskStarted(14,1352,None)
Sending msg to client play-fork-run-712d7d4d-9669-4fa8-bf26-15316a1b78ae: TaskStarted(14,1353,Some(AttributeKey[boolean]("skip") in Scope(Global)))
Sending msg to client play-fork-run-712d7d4d-9669-4fa8-bf26-15316a1b78ae: TaskStarted(14,1360,Some(AttributeKey[scala.collection.Seq[sbt.Credentials]]("credentials") in Scope(Global)))
Sending msg to client play-fork-run-712d7d4d-9669-4fa8-bf26-15316a1b78ae: TaskStarted(14,1367,Some(AttributeKey[scala.Option[scala.collection.Seq[sbt.Resolver]]]("bootResolvers") in Scope(Build: file:/C:/Users/charl/workspace/NBG_IMS/, , Project: ProjectReference(file:/C:/Users/charl/workspace/NBG_IMS/,root))))
Sending msg to client play-fork-run-712d7d4d-9669-4fa8-bf26-15316a1b78ae: TaskStarted(14,1368,Some(AttributeKey[scala.collection.Seq[sbt.Resolver]]("externalResolvers") in Scope(Build: file:/C:/Users/charl/workspace/NBG_IMS/, , Project: ProjectReference(file:/C:/Users/charl/workspace/NBG_IMS/,root))))
Sending msg to client play-fork-run-712d7d4d-9669-4fa8-bf26-15316a1b78ae: TaskStarted(14,1370,Some(AttributeKey[scala.Option[java.lang.String]]("mainClass") in Scope(Build: file:/C:/Users/charl/workspace/NBG_IMS/, , Project: ProjectReference(file:/C:/Users/charl/workspace/NBG_IMS/,root), Config: compile, Task: AttributeKey[void]("run"))))
Sending msg to client play-fork-run-712d7d4d-9669-4fa8-bf26-15316a1b78ae: TaskStarted(14,1374,Some(AttributeKey[scala.Tuple2[java.lang.String,java.io.File]]("playPrefixAndAssets") in Scope(Build: file:/C:/Users/charl/workspace/NBG_IMS/, , Project: ProjectReference(file:/C:/Users/charl/workspace/NBG_IMS/,root))))
Sending msg to client play-fork-run-712d7d4d-9669-4fa8-bf26-15316a1b78ae: TaskStarted(14,1375,Some(AttributeKey[scala.collection.Seq[java.lang.String]]("javaOptions") in Scope(Global)))
Sending msg to client play-fork-run-712d7d4d-9669-4fa8-bf26-15316a1b78ae: TaskStarted(14,1377,None)
Sending msg to client play-fork-run-712d7d4d-9669-4fa8-bf26-15316a1b78ae: TaskFinished(14,1327,None,true,None)
Sending msg to client play-fork-run-712d7d4d-9669-4fa8-bf26-15316a1b78ae: TaskStarted(14,1326,None)
Sending msg to client play-fork-run-712d7d4d-9669-4fa8-bf26-15316a1b78ae: TaskStarted(14,1333,None)
Sending msg to client play-fork-run-712d7d4d-9669-4fa8-bf26-15316a1b78ae: TaskStarted(14,1340,None)
Sending msg to client play-fork-run-712d7d4d-9669-4fa8-bf26-15316a1b78ae: TaskStarted(14,1349,None)
Sending msg to client play-fork-run-712d7d4d-9669-4fa8-bf26-15316a1b78ae: TaskStarted(14,1359,None)
Sending msg to client play-fork-run-712d7d4d-9669-4fa8-bf26-15316a1b78ae: TaskStarted(14,1362,None)
Sending msg to client play-fork-run-712d7d4d-9669-4fa8-bf26-15316a1b78ae: TaskStarted(14,1366,None)
Sending msg to client play-fork-run-712d7d4d-9669-4fa8-bf26-15316a1b78ae: TaskStarted(14,1369,None)
Sending msg to client play-fork-run-712d7d4d-9669-4fa8-bf26-15316a1b78ae: TaskFinished(14,1342,None,true,None)
Sending msg to client play-fork-run-712d7d4d-9669-4fa8-bf26-15316a1b78ae: TaskFinished(14,1338,None,true,None)
Sending msg to client play-fork-run-712d7d4d-9669-4fa8-bf26-15316a1b78ae: TaskFinished(14,1345,Some(AttributeKey[java.lang.String]("updateCacheName") in Scope(Build: file:/C:/Users/charl/workspace/NBG_IMS/, , Project: ProjectReference(file:/C:/Users/charl/workspace/NBG_IMS/,root))),true,None)
Sending msg to client play-fork-run-712d7d4d-9669-4fa8-bf26-15316a1b78ae: TaskFinished(14,1331,None,true,None)
Sending msg to client play-fork-run-712d7d4d-9669-4fa8-bf26-15316a1b78ae: TaskStarted(14,1330,Some(AttributeKey[sbt.BuildStructure]("buildStructure") in Scope(Global)))
Sending msg to client play-fork-run-712d7d4d-9669-4fa8-bf26-15316a1b78ae: TaskStarted(14,1346,Some(AttributeKey[java.io.File]("dependencyCacheDirectory") in Scope(Build: file:/C:/Users/charl/workspace/NBG_IMS/, , Project: ProjectReference(file:/C:/Users/charl/workspace/NBG_IMS/,root))))
Sending msg to client play-fork-run-712d7d4d-9669-4fa8-bf26-15316a1b78ae: TaskFinished(14,1351,None,true,None)
Sending msg to client play-fork-run-712d7d4d-9669-4fa8-bf26-15316a1b78ae: TaskFinished(14,1352,None,true,None)
Sending msg to client play-fork-run-712d7d4d-9669-4fa8-bf26-15316a1b78ae: TaskStarted(14,1350,Some(AttributeKey[scala.collection.Seq[sbt.UpdateReport]]("transitiveUpdate") in Scope(Build: file:/C:/Users/charl/workspace/NBG_IMS/, , Project: ProjectReference(file:/C:/Users/charl/workspace/NBG_IMS/,root))))
Sending msg to client play-fork-run-712d7d4d-9669-4fa8-bf26-15316a1b78ae: TaskFinished(14,1353,Some(AttributeKey[boolean]("skip") in Scope(Global)),true,None)
Sending msg to client play-fork-run-712d7d4d-9669-4fa8-bf26-15316a1b78ae: TaskFinished(14,1360,Some(AttributeKey[scala.collection.Seq[sbt.Credentials]]("credentials") in Scope(Global)),true,None)
Sending msg to client play-fork-run-712d7d4d-9669-4fa8-bf26-15316a1b78ae: TaskFinished(14,1368,Some(AttributeKey[scala.collection.Seq[sbt.Resolver]]("externalResolvers") in Scope(Build: file:/C:/Users/charl/workspace/NBG_IMS/, , Project: ProjectReference(file:/C:/Users/charl/workspace/NBG_IMS/,root))),true,None)
Sending msg to client play-fork-run-712d7d4d-9669-4fa8-bf26-15316a1b78ae: TaskFinished(14,1367,Some(AttributeKey[scala.Option[scala.collection.Seq[sbt.Resolver]]]("bootResolvers") in Scope(Build: file:/C:/Users/charl/workspace/NBG_IMS/, , Project: ProjectReference(file:/C:/Users/charl/workspace/NBG_IMS/,root))),true,None)
Sending msg to client play-fork-run-712d7d4d-9669-4fa8-bf26-15316a1b78ae: TaskFinished(14,1374,Some(AttributeKey[scala.Tuple2[java.lang.String,java.io.File]]("playPrefixAndAssets") in Scope(Build: file:/C:/Users/charl/workspace/NBG_IMS/, , Project: ProjectReference(file:/C:/Users/charl/workspace/NBG_IMS/,root))),true,None)
Sending msg to client play-fork-run-712d7d4d-9669-4fa8-bf26-15316a1b78ae: TaskStarted(14,1373,Some(AttributeKey[scala.collection.Seq[scala.Tuple2[java.lang.String,java.io.File]]]("playAllAssets") in Scope(Build: file:/C:/Users/charl/workspace/NBG_IMS/, , Project: ProjectReference(file:/C:/Users/charl/workspace/NBG_IMS/,root))))
Sending msg to client play-fork-run-712d7d4d-9669-4fa8-bf26-15316a1b78ae: TaskFinished(14,1375,Some(AttributeKey[scala.collection.Seq[java.lang.String]]("javaOptions") in Scope(Global)),true,None)
Sending msg to client play-fork-run-712d7d4d-9669-4fa8-bf26-15316a1b78ae: TaskFinished(14,1326,None,true,None)
Sending msg to client play-fork-run-712d7d4d-9669-4fa8-bf26-15316a1b78ae: TaskFinished(14,1333,None,true,None)
Sending msg to client play-fork-run-712d7d4d-9669-4fa8-bf26-15316a1b78ae: TaskFinished(14,1340,None,true,None)
Sending msg to client play-fork-run-712d7d4d-9669-4fa8-bf26-15316a1b78ae: TaskFinished(14,1344,None,true,None)
Sending msg to client play-fork-run-712d7d4d-9669-4fa8-bf26-15316a1b78ae: TaskFinished(14,1349,None,true,None)
Sending msg to client play-fork-run-712d7d4d-9669-4fa8-bf26-15316a1b78ae: TaskStarted(14,1348,Some(AttributeKey[scala.collection.immutable.Map[sbt.ModuleID,sbt.SourcePosition]]("dependencyPositions") in Scope(Build: file:/C:/Users/charl/workspace/NBG_IMS/, , Project: ProjectReference(file:/C:/Users/charl/workspace/NBG_IMS/,root))))
Sending msg to client play-fork-run-712d7d4d-9669-4fa8-bf26-15316a1b78ae: TaskFinished(14,1370,Some(AttributeKey[scala.Option[java.lang.String]]("mainClass") in Scope(Build: file:/C:/Users/charl/workspace/NBG_IMS/, , Project: ProjectReference(file:/C:/Users/charl/workspace/NBG_IMS/,root), Config: compile, Task: AttributeKey[void]("run"))),true,None)
Sending msg to client play-fork-run-712d7d4d-9669-4fa8-bf26-15316a1b78ae: TaskFinished(14,1359,None,true,None)
Sending msg to client play-fork-run-712d7d4d-9669-4fa8-bf26-15316a1b78ae: TaskFinished(14,1362,None,true,None)
Sending msg to client play-fork-run-712d7d4d-9669-4fa8-bf26-15316a1b78ae: TaskFinished(14,1366,None,true,None)
Sending msg to client play-fork-run-712d7d4d-9669-4fa8-bf26-15316a1b78ae: TaskFinished(14,1369,None,true,None)
Sending msg to client play-fork-run-712d7d4d-9669-4fa8-bf26-15316a1b78ae: TaskFinished(14,1330,Some(AttributeKey[sbt.BuildStructure]("buildStructure") in Scope(Global)),true,None)
Sending msg to client play-fork-run-712d7d4d-9669-4fa8-bf26-15316a1b78ae: TaskStarted(14,1329,Some(AttributeKey[sbt.Settings[sbt.Scope]]("settingsData") in Scope(Global)))
Sending msg to client play-fork-run-712d7d4d-9669-4fa8-bf26-15316a1b78ae: TaskFinished(14,1346,Some(AttributeKey[java.io.File]("dependencyCacheDirectory") in Scope(Build: file:/C:/Users/charl/workspace/NBG_IMS/, , Project: ProjectReference(file:/C:/Users/charl/workspace/NBG_IMS/,root))),true,None)
Sending msg to client play-fork-run-712d7d4d-9669-4fa8-bf26-15316a1b78ae: TaskFinished(14,1350,Some(AttributeKey[scala.collection.Seq[sbt.UpdateReport]]("transitiveUpdate") in Scope(Build: file:/C:/Users/charl/workspace/NBG_IMS/, , Project: ProjectReference(file:/C:/Users/charl/workspace/NBG_IMS/,root))),true,None)
Sending msg to client play-fork-run-712d7d4d-9669-4fa8-bf26-15316a1b78ae: TaskFinished(14,1373,Some(AttributeKey[scala.collection.Seq[scala.Tuple2[java.lang.String,java.io.File]]]("playAllAssets") in Scope(Build: file:/C:/Users/charl/workspace/NBG_IMS/, , Project: ProjectReference(file:/C:/Users/charl/workspace/NBG_IMS/,root))),true,None)
Sending msg to client play-fork-run-712d7d4d-9669-4fa8-bf26-15316a1b78ae: TaskFinished(14,1329,Some(AttributeKey[sbt.Settings[sbt.Scope]]("settingsData") in Scope(Global)),true,None)
Sending msg to client play-fork-run-712d7d4d-9669-4fa8-bf26-15316a1b78ae: TaskStarted(14,1328,None)
Sending msg to client play-fork-run-712d7d4d-9669-4fa8-bf26-15316a1b78ae: TaskStarted(14,1343,None)
Sending msg to client play-fork-run-712d7d4d-9669-4fa8-bf26-15316a1b78ae: TaskStarted(14,1357,Some(AttributeKey[scala.collection.Seq[sbt.ModuleID]]("projectDependencies") in Scope(Build: file:/C:/Users/charl/workspace/NBG_IMS/, , Project: ProjectReference(file:/C:/Users/charl/workspace/NBG_IMS/,root))))
Sending msg to client play-fork-run-712d7d4d-9669-4fa8-bf26-15316a1b78ae: TaskStarted(14,1365,Some(AttributeKey[scala.collection.immutable.Map[org.apache.ivy.core.module.id.ModuleRevisionId,org.apache.ivy.core.module.descriptor.ModuleDescriptor]]("projectDescriptors") in Scope(Build: file:/C:/Users/charl/workspace/NBG_IMS/, , Project: ProjectReference(file:/C:/Users/charl/workspace/NBG_IMS/,root))))
Sending msg to client play-fork-run-712d7d4d-9669-4fa8-bf26-15316a1b78ae: TaskStarted(14,1382,None)
Sending msg to client play-fork-run-712d7d4d-9669-4fa8-bf26-15316a1b78ae: TaskStarted(14,1384,None)
Sending msg to client play-fork-run-712d7d4d-9669-4fa8-bf26-15316a1b78ae: TaskStarted(14,1385,None)
Sending msg to client play-fork-run-712d7d4d-9669-4fa8-bf26-15316a1b78ae: TaskStarted(14,1387,None)
Sending msg to client play-fork-run-712d7d4d-9669-4fa8-bf26-15316a1b78ae: TaskStarted(14,1388,None)
Sending msg to client play-fork-run-712d7d4d-9669-4fa8-bf26-15316a1b78ae: TaskStarted(14,1389,None)
Sending msg to client play-fork-run-712d7d4d-9669-4fa8-bf26-15316a1b78ae: TaskFinished(14,1357,Some(AttributeKey[scala.collection.Seq[sbt.ModuleID]]("projectDependencies") in Scope(Build: file:/C:/Users/charl/workspace/NBG_IMS/, , Project: ProjectReference(file:/C:/Users/charl/workspace/NBG_IMS/,root))),true,None)
Sending msg to client play-fork-run-712d7d4d-9669-4fa8-bf26-15316a1b78ae: TaskStarted(14,1356,Some(AttributeKey[scala.collection.Seq[sbt.ModuleID]]("allDependencies") in Scope(Build: file:/C:/Users/charl/workspace/NBG_IMS/, , Project: ProjectReference(file:/C:/Users/charl/workspace/NBG_IMS/,root))))
Sending msg to client play-fork-run-712d7d4d-9669-4fa8-bf26-15316a1b78ae: TaskStarted(14,1391,None)
Sending msg to client play-fork-run-712d7d4d-9669-4fa8-bf26-15316a1b78ae: TaskFinished(14,1382,None,true,None)
Sending msg to client play-fork-run-712d7d4d-9669-4fa8-bf26-15316a1b78ae: TaskStarted(14,1381,None)
Sending msg to client play-fork-run-712d7d4d-9669-4fa8-bf26-15316a1b78ae: TaskFinished(14,1384,None,true,None)
Sending msg to client play-fork-run-712d7d4d-9669-4fa8-bf26-15316a1b78ae: TaskFinished(14,1385,None,true,None)
Sending msg to client play-fork-run-712d7d4d-9669-4fa8-bf26-15316a1b78ae: TaskStarted(14,1383,Some(AttributeKey[scala.collection.Seq[sbt.Attributed[java.io.File]]]("unmanagedJars") in Scope(Build: file:/C:/Users/charl/workspace/NBG_IMS/, , Project: ProjectReference(file:/C:/Users/charl/workspace/NBG_IMS/,root), Config: compile)))
Sending msg to client play-fork-run-712d7d4d-9669-4fa8-bf26-15316a1b78ae: TaskFinished(14,1377,None,true,None)
Sending msg to client play-fork-run-712d7d4d-9669-4fa8-bf26-15316a1b78ae: TaskStarted(14,1376,Some(AttributeKey[scala.collection.Seq[java.io.File]]("playMonitoredFiles") in Scope(Build: file:/C:/Users/charl/workspace/NBG_IMS/, , Project: ProjectReference(file:/C:/Users/charl/workspace/NBG_IMS/,root))))
Sending msg to client play-fork-run-712d7d4d-9669-4fa8-bf26-15316a1b78ae: TaskFinished(14,1387,None,true,None)
Sending msg to client play-fork-run-712d7d4d-9669-4fa8-bf26-15316a1b78ae: TaskFinished(14,1388,None,true,None)
Sending msg to client play-fork-run-712d7d4d-9669-4fa8-bf26-15316a1b78ae: TaskStarted(14,1386,Some(AttributeKey[scala.collection.Seq[sbt.Attributed[java.io.File]]]("unmanagedJars") in Scope(Build: file:/C:/Users/charl/workspace/NBG_IMS/, , Project: ProjectReference(file:/C:/Users/charl/workspace/NBG_IMS/,root), Config: runtime)))
Sending msg to client play-fork-run-712d7d4d-9669-4fa8-bf26-15316a1b78ae: TaskFinished(14,1389,None,true,None)
Sending msg to client play-fork-run-712d7d4d-9669-4fa8-bf26-15316a1b78ae: TaskFinished(14,1343,None,true,None)
Sending msg to client play-fork-run-712d7d4d-9669-4fa8-bf26-15316a1b78ae: TaskFinished(14,1348,Some(AttributeKey[scala.collection.immutable.Map[sbt.ModuleID,sbt.SourcePosition]]("dependencyPositions") in Scope(Build: file:/C:/Users/charl/workspace/NBG_IMS/, , Project: ProjectReference(file:/C:/Users/charl/workspace/NBG_IMS/,root))),true,None)
Sending msg to client play-fork-run-712d7d4d-9669-4fa8-bf26-15316a1b78ae: TaskStarted(14,1347,Some(AttributeKey[sbt.UnresolvedWarningConfiguration]("unresolvedWarningConfiguration") in Scope(Build: file:/C:/Users/charl/workspace/NBG_IMS/, , Project: ProjectReference(file:/C:/Users/charl/workspace/NBG_IMS/,root), Task: AttributeKey[sbt.UpdateReport]("update"))))
Sending msg to client play-fork-run-712d7d4d-9669-4fa8-bf26-15316a1b78ae: TaskFinished(14,1356,Some(AttributeKey[scala.collection.Seq[sbt.ModuleID]]("allDependencies") in Scope(Build: file:/C:/Users/charl/workspace/NBG_IMS/, , Project: ProjectReference(file:/C:/Users/charl/workspace/NBG_IMS/,root))),true,None)
Sending msg to client play-fork-run-712d7d4d-9669-4fa8-bf26-15316a1b78ae: TaskStarted(14,1355,Some(AttributeKey[sbt.ModuleSettings]("moduleSettings") in Scope(Build: file:/C:/Users/charl/workspace/NBG_IMS/, , Project: ProjectReference(file:/C:/Users/charl/workspace/NBG_IMS/,root))))
Sending msg to client play-fork-run-712d7d4d-9669-4fa8-bf26-15316a1b78ae: TaskFinished(14,1391,None,true,None)
Sending msg to client play-fork-run-712d7d4d-9669-4fa8-bf26-15316a1b78ae: TaskStarted(14,1390,None)
Sending msg to client play-fork-run-712d7d4d-9669-4fa8-bf26-15316a1b78ae: TaskStarted(14,1392,None)
Sending msg to client play-fork-run-712d7d4d-9669-4fa8-bf26-15316a1b78ae: TaskFinished(14,1383,Some(AttributeKey[scala.collection.Seq[sbt.Attributed[java.io.File]]]("unmanagedJars") in Scope(Build: file:/C:/Users/charl/workspace/NBG_IMS/, , Project: ProjectReference(file:/C:/Users/charl/workspace/NBG_IMS/,root), Config: compile)),true,None)
Sending msg to client play-fork-run-712d7d4d-9669-4fa8-bf26-15316a1b78ae: TaskFinished(14,1347,Some(AttributeKey[sbt.UnresolvedWarningConfiguration]("unresolvedWarningConfiguration") in Scope(Build: file:/C:/Users/charl/workspace/NBG_IMS/, , Project: ProjectReference(file:/C:/Users/charl/workspace/NBG_IMS/,root), Task: AttributeKey[sbt.UpdateReport]("update"))),true,None)
Sending msg to client play-fork-run-712d7d4d-9669-4fa8-bf26-15316a1b78ae: TaskFinished(14,1355,Some(AttributeKey[sbt.ModuleSettings]("moduleSettings") in Scope(Build: file:/C:/Users/charl/workspace/NBG_IMS/, , Project: ProjectReference(file:/C:/Users/charl/workspace/NBG_IMS/,root))),true,None)
Sending msg to client play-fork-run-712d7d4d-9669-4fa8-bf26-15316a1b78ae: TaskFinished(14,1390,None,true,None)
Sending msg to client play-fork-run-712d7d4d-9669-4fa8-bf26-15316a1b78ae: TaskFinished(14,1365,Some(AttributeKey[scala.collection.immutable.Map[org.apache.ivy.core.module.id.ModuleRevisionId,org.apache.ivy.core.module.descriptor.ModuleDescriptor]]("projectDescriptors") in Scope(Build: file:/C:/Users/charl/workspace/NBG_IMS/, , Project: ProjectReference(file:/C:/Users/charl/workspace/NBG_IMS/,root))),true,None)
Sending msg to client play-fork-run-712d7d4d-9669-4fa8-bf26-15316a1b78ae: TaskStarted(14,1364,Some(AttributeKey[sbt.Resolver]("projectResolver") in Scope(Build: file:/C:/Users/charl/workspace/NBG_IMS/, , Project: ProjectReference(file:/C:/Users/charl/workspace/NBG_IMS/,root))))
Sending msg to client play-fork-run-712d7d4d-9669-4fa8-bf26-15316a1b78ae: TaskFinished(14,1392,None,true,None)
Sending msg to client play-fork-run-712d7d4d-9669-4fa8-bf26-15316a1b78ae: TaskFinished(14,1381,None,true,None)
Sending msg to client play-fork-run-712d7d4d-9669-4fa8-bf26-15316a1b78ae: TaskStarted(14,1380,Some(AttributeKey[scala.collection.Seq[sbt.Attributed[java.io.File]]]("unmanagedJars") in Scope(Build: file:/C:/Users/charl/workspace/NBG_IMS/, , Project: ProjectReference(file:/C:/Users/charl/workspace/NBG_IMS/,root), Config: compile)))
Sending msg to client play-fork-run-712d7d4d-9669-4fa8-bf26-15316a1b78ae: TaskFinished(14,1364,Some(AttributeKey[sbt.Resolver]("projectResolver") in Scope(Build: file:/C:/Users/charl/workspace/NBG_IMS/, , Project: ProjectReference(file:/C:/Users/charl/workspace/NBG_IMS/,root))),true,None)
Sending msg to client play-fork-run-712d7d4d-9669-4fa8-bf26-15316a1b78ae: TaskStarted(14,1363,Some(AttributeKey[scala.collection.Seq[sbt.Resolver]]("fullResolvers") in Scope(Build: file:/C:/Users/charl/workspace/NBG_IMS/, , Project: ProjectReference(file:/C:/Users/charl/workspace/NBG_IMS/,root))))
Sending msg to client play-fork-run-712d7d4d-9669-4fa8-bf26-15316a1b78ae: TaskFinished(14,1380,Some(AttributeKey[scala.collection.Seq[sbt.Attributed[java.io.File]]]("unmanagedJars") in Scope(Build: file:/C:/Users/charl/workspace/NBG_IMS/, , Project: ProjectReference(file:/C:/Users/charl/workspace/NBG_IMS/,root), Config: compile)),true,None)
Sending msg to client play-fork-run-712d7d4d-9669-4fa8-bf26-15316a1b78ae: TaskFinished(14,1386,Some(AttributeKey[scala.collection.Seq[sbt.Attributed[java.io.File]]]("unmanagedJars") in Scope(Build: file:/C:/Users/charl/workspace/NBG_IMS/, , Project: ProjectReference(file:/C:/Users/charl/workspace/NBG_IMS/,root), Config: runtime)),true,None)
Sending msg to client play-fork-run-712d7d4d-9669-4fa8-bf26-15316a1b78ae: TaskStarted(14,1379,None)
Sending msg to client play-fork-run-712d7d4d-9669-4fa8-bf26-15316a1b78ae: TaskStarted(14,1393,None)
Sending msg to client play-fork-run-712d7d4d-9669-4fa8-bf26-15316a1b78ae: TaskFinished(14,1363,Some(AttributeKey[scala.collection.Seq[sbt.Resolver]]("fullResolvers") in Scope(Build: file:/C:/Users/charl/workspace/NBG_IMS/, , Project: ProjectReference(file:/C:/Users/charl/workspace/NBG_IMS/,root))),true,None)
Sending msg to client play-fork-run-712d7d4d-9669-4fa8-bf26-15316a1b78ae: TaskStarted(14,1361,Some(AttributeKey[sbt.IvyConfiguration]("ivyConfiguration") in Scope(Build: file:/C:/Users/charl/workspace/NBG_IMS/, , Project: ProjectReference(file:/C:/Users/charl/workspace/NBG_IMS/,root))))
Sending msg to client play-fork-run-712d7d4d-9669-4fa8-bf26-15316a1b78ae: TaskFinished(14,1379,None,true,None)
Sending msg to client play-fork-run-712d7d4d-9669-4fa8-bf26-15316a1b78ae: TaskStarted(14,1378,None)
Sending msg to client play-fork-run-712d7d4d-9669-4fa8-bf26-15316a1b78ae: TaskFinished(14,1361,Some(AttributeKey[sbt.IvyConfiguration]("ivyConfiguration") in Scope(Build: file:/C:/Users/charl/workspace/NBG_IMS/, , Project: ProjectReference(file:/C:/Users/charl/workspace/NBG_IMS/,root))),true,None)
Sending msg to client play-fork-run-712d7d4d-9669-4fa8-bf26-15316a1b78ae: TaskStarted(14,1358,Some(AttributeKey[sbt.IvySbt]("ivySbt") in Scope(Build: file:/C:/Users/charl/workspace/NBG_IMS/, , Project: ProjectReference(file:/C:/Users/charl/workspace/NBG_IMS/,root))))
Sending msg to client play-fork-run-712d7d4d-9669-4fa8-bf26-15316a1b78ae: TaskFinished(14,1378,None,true,None)
Sending msg to client play-fork-run-712d7d4d-9669-4fa8-bf26-15316a1b78ae: TaskFinished(14,1328,None,true,None)
Sending msg to client play-fork-run-712d7d4d-9669-4fa8-bf26-15316a1b78ae: TaskStarted(14,1325,Some(AttributeKey[scala.collection.Seq[sbt.Attributed[java.io.File]]]("unmanagedClasspath") in Scope(Build: file:/C:/Users/charl/workspace/NBG_IMS/, , Project: ProjectReference(file:/C:/Users/charl/workspace/NBG_IMS/,root), Config: runtime)))
Sending msg to client play-fork-run-712d7d4d-9669-4fa8-bf26-15316a1b78ae: TaskFinished(14,1393,None,true,None)
Sending msg to client play-fork-run-712d7d4d-9669-4fa8-bf26-15316a1b78ae: TaskFinished(14,1376,Some(AttributeKey[scala.collection.Seq[java.io.File]]("playMonitoredFiles") in Scope(Build: file:/C:/Users/charl/workspace/NBG_IMS/, , Project: ProjectReference(file:/C:/Users/charl/workspace/NBG_IMS/,root))),true,None)
Sending msg to client play-fork-run-712d7d4d-9669-4fa8-bf26-15316a1b78ae: TaskFinished(14,1358,Some(AttributeKey[sbt.IvySbt]("ivySbt") in Scope(Build: file:/C:/Users/charl/workspace/NBG_IMS/, , Project: ProjectReference(file:/C:/Users/charl/workspace/NBG_IMS/,root))),true,None)
Sending msg to client play-fork-run-712d7d4d-9669-4fa8-bf26-15316a1b78ae: TaskStarted(14,1354,Some(AttributeKey[sbt.IvySbt$Module]("ivyModule") in Scope(Build: file:/C:/Users/charl/workspace/NBG_IMS/, , Project: ProjectReference(file:/C:/Users/charl/workspace/NBG_IMS/,root))))
Sending msg to client play-fork-run-712d7d4d-9669-4fa8-bf26-15316a1b78ae: TaskFinished(14,1354,Some(AttributeKey[sbt.IvySbt$Module]("ivyModule") in Scope(Build: file:/C:/Users/charl/workspace/NBG_IMS/, , Project: ProjectReference(file:/C:/Users/charl/workspace/NBG_IMS/,root))),true,None)
Sending msg to client play-fork-run-712d7d4d-9669-4fa8-bf26-15316a1b78ae: TaskStarted(14,1341,Some(AttributeKey[sbt.UpdateReport]("update") in Scope(Build: file:/C:/Users/charl/workspace/NBG_IMS/, , Project: ProjectReference(file:/C:/Users/charl/workspace/NBG_IMS/,root))))
Sending msg to client play-fork-run-712d7d4d-9669-4fa8-bf26-15316a1b78ae: TaskFinished(14,1325,Some(AttributeKey[scala.collection.Seq[sbt.Attributed[java.io.File]]]("unmanagedClasspath") in Scope(Build: file:/C:/Users/charl/workspace/NBG_IMS/, , Project: ProjectReference(file:/C:/Users/charl/workspace/NBG_IMS/,root), Config: runtime)),true,None)
Sending msg to client play-fork-run-712d7d4d-9669-4fa8-bf26-15316a1b78ae: TaskFinished(14,1341,Some(AttributeKey[sbt.UpdateReport]("update") in Scope(Build: file:/C:/Users/charl/workspace/NBG_IMS/, , Project: ProjectReference(file:/C:/Users/charl/workspace/NBG_IMS/,root))),true,None)
Sending msg to client play-fork-run-712d7d4d-9669-4fa8-bf26-15316a1b78ae: TaskStarted(14,1339,Some(AttributeKey[sbt.UpdateReport]("update") in Scope(Build: file:/C:/Users/charl/workspace/NBG_IMS/, , Project: ProjectReference(file:/C:/Users/charl/workspace/NBG_IMS/,root))))
Sending msg to client play-fork-run-712d7d4d-9669-4fa8-bf26-15316a1b78ae: TaskFinished(14,1339,Some(AttributeKey[sbt.UpdateReport]("update") in Scope(Build: file:/C:/Users/charl/workspace/NBG_IMS/, , Project: ProjectReference(file:/C:/Users/charl/workspace/NBG_IMS/,root))),true,None)
Sending msg to client play-fork-run-712d7d4d-9669-4fa8-bf26-15316a1b78ae: TaskStarted(14,1337,Some(AttributeKey[sbt.Configuration]("classpathConfiguration") in Scope(Build: file:/C:/Users/charl/workspace/NBG_IMS/, , Project: ProjectReference(file:/C:/Users/charl/workspace/NBG_IMS/,root), Config: compile)))
Sending msg to client play-fork-run-712d7d4d-9669-4fa8-bf26-15316a1b78ae: TaskStarted(14,1372,Some(AttributeKey[scala.collection.Seq[sbt.Attributed[java.io.File]]]("managedClasspath") in Scope(Build: file:/C:/Users/charl/workspace/NBG_IMS/, , Project: ProjectReference(file:/C:/Users/charl/workspace/NBG_IMS/,root), Config: docs)))
Sending msg to client play-fork-run-712d7d4d-9669-4fa8-bf26-15316a1b78ae: TaskFinished(14,1337,Some(AttributeKey[sbt.Configuration]("classpathConfiguration") in Scope(Build: file:/C:/Users/charl/workspace/NBG_IMS/, , Project: ProjectReference(file:/C:/Users/charl/workspace/NBG_IMS/,root), Config: compile)),true,None)
Sending msg to client play-fork-run-712d7d4d-9669-4fa8-bf26-15316a1b78ae: TaskStarted(14,1336,None)
Sending msg to client play-fork-run-712d7d4d-9669-4fa8-bf26-15316a1b78ae: TaskFinished(14,1372,Some(AttributeKey[scala.collection.Seq[sbt.Attributed[java.io.File]]]("managedClasspath") in Scope(Build: file:/C:/Users/charl/workspace/NBG_IMS/, , Project: ProjectReference(file:/C:/Users/charl/workspace/NBG_IMS/,root), Config: docs)),true,None)
Sending msg to client play-fork-run-712d7d4d-9669-4fa8-bf26-15316a1b78ae: TaskStarted(14,1371,Some(AttributeKey[scala.Option[java.io.File]]("playDocsJar") in Scope(Build: file:/C:/Users/charl/workspace/NBG_IMS/, , Project: ProjectReference(file:/C:/Users/charl/workspace/NBG_IMS/,root))))
Sending msg to client play-fork-run-712d7d4d-9669-4fa8-bf26-15316a1b78ae: TaskFinished(14,1336,None,true,None)
Sending msg to client play-fork-run-712d7d4d-9669-4fa8-bf26-15316a1b78ae: TaskStarted(14,1335,Some(AttributeKey[sbt.Configuration]("classpathConfiguration") in Scope(Build: file:/C:/Users/charl/workspace/NBG_IMS/, , Project: ProjectReference(file:/C:/Users/charl/workspace/NBG_IMS/,root), Config: runtime)))
Sending msg to client play-fork-run-712d7d4d-9669-4fa8-bf26-15316a1b78ae: TaskFinished(14,1371,Some(AttributeKey[scala.Option[java.io.File]]("playDocsJar") in Scope(Build: file:/C:/Users/charl/workspace/NBG_IMS/, , Project: ProjectReference(file:/C:/Users/charl/workspace/NBG_IMS/,root))),true,None)
Sending msg to client play-fork-run-712d7d4d-9669-4fa8-bf26-15316a1b78ae: TaskFinished(14,1335,Some(AttributeKey[sbt.Configuration]("classpathConfiguration") in Scope(Build: file:/C:/Users/charl/workspace/NBG_IMS/, , Project: ProjectReference(file:/C:/Users/charl/workspace/NBG_IMS/,root), Config: runtime)),true,None)
Sending msg to client play-fork-run-712d7d4d-9669-4fa8-bf26-15316a1b78ae: TaskStarted(14,1334,None)
Sending msg to client play-fork-run-712d7d4d-9669-4fa8-bf26-15316a1b78ae: TaskFinished(14,1334,None,true,None)
Sending msg to client play-fork-run-712d7d4d-9669-4fa8-bf26-15316a1b78ae: TaskStarted(14,1332,Some(AttributeKey[scala.collection.Seq[sbt.Attributed[java.io.File]]]("managedClasspath") in Scope(Build: file:/C:/Users/charl/workspace/NBG_IMS/, , Project: ProjectReference(file:/C:/Users/charl/workspace/NBG_IMS/,root), Config: runtime)))
Sending msg to client play-fork-run-712d7d4d-9669-4fa8-bf26-15316a1b78ae: TaskFinished(14,1332,Some(AttributeKey[scala.collection.Seq[sbt.Attributed[java.io.File]]]("managedClasspath") in Scope(Build: file:/C:/Users/charl/workspace/NBG_IMS/, , Project: ProjectReference(file:/C:/Users/charl/workspace/NBG_IMS/,root), Config: runtime)),true,None)
Sending msg to client play-fork-run-712d7d4d-9669-4fa8-bf26-15316a1b78ae: TaskStarted(14,1324,None)
Sending msg to client play-fork-run-712d7d4d-9669-4fa8-bf26-15316a1b78ae: TaskFinished(14,1324,None,true,None)
Sending msg to client play-fork-run-712d7d4d-9669-4fa8-bf26-15316a1b78ae: TaskStarted(14,1323,Some(AttributeKey[scala.collection.Seq[sbt.Attributed[java.io.File]]]("playDependencyClasspath") in Scope(Build: file:/C:/Users/charl/workspace/NBG_IMS/, , Project: ProjectReference(file:/C:/Users/charl/workspace/NBG_IMS/,root))))
Sending msg to client play-fork-run-712d7d4d-9669-4fa8-bf26-15316a1b78ae: TaskFinished(14,1323,Some(AttributeKey[scala.collection.Seq[sbt.Attributed[java.io.File]]]("playDependencyClasspath") in Scope(Build: file:/C:/Users/charl/workspace/NBG_IMS/, , Project: ProjectReference(file:/C:/Users/charl/workspace/NBG_IMS/,root))),true,None)
Sending msg to client play-fork-run-712d7d4d-9669-4fa8-bf26-15316a1b78ae: TaskStarted(14,1322,Some(AttributeKey[play.forkrun.protocol.ForkConfig]("playForkConfig") in Scope(Build: file:/C:/Users/charl/workspace/NBG_IMS/, , Project: ProjectReference(file:/C:/Users/charl/workspace/NBG_IMS/,root))))
Sending msg to client play-fork-run-712d7d4d-9669-4fa8-bf26-15316a1b78ae: TaskFinished(14,1322,Some(AttributeKey[play.forkrun.protocol.ForkConfig]("playForkConfig") in Scope(Build: file:/C:/Users/charl/workspace/NBG_IMS/, , Project: ProjectReference(file:/C:/Users/charl/workspace/NBG_IMS/,root))),true,None)
Sending msg to client play-fork-run-712d7d4d-9669-4fa8-bf26-15316a1b78ae: ValueChanged(AttributeKey[play.forkrun.protocol.ForkConfig]("playForkConfig") in Scope(Build: file:/C:/Users/charl/workspace/NBG_IMS/, , Project: ProjectReference(file:/C:/Users/charl/workspace/NBG_IMS/,root)),TaskSuccess(BuildValue(LazyValue(ForkConfig(C:\Users\charl\workspace\NBG_IMS,List(),List(C:\Users\charl\.ivy2\cache\org.scala-lang\scala-library\jars\scala-library-2.11.6.jar, C:\Users\charl\.ivy2\cache\com.typesafe.play\twirl-api_2.11\jars\twirl-api_2.11-1.1.1.jar, C:\Users\charl\.ivy2\cache\org.apache.commons\commons-lang3\jars\commons-lang3-3.4.jar, C:\Users\charl\.ivy2\cache\org.scala-lang.modules\scala-xml_2.11\bundles\scala-xml_2.11-1.0.1.jar, C:\Users\charl\.ivy2\cache\com.typesafe.play\play-server_2.11\jars\play-server_2.11-2.4.6.jar, C:\Users\charl\.ivy2\cache\com.typesafe.play\play_2.11\jars\play_2.11-2.4.6.jar, C:\Users\charl\.ivy2\cache\com.typesafe.play\build-link\jars\build-link-2.4.6.jar, C:\Users\charl\.ivy2\cache\com.typesafe.play\play-exceptions\jars\play-exceptions-2.4.6.jar, C:\Users\charl\.ivy2\cache\org.javassist\javassist\bundles\javassist-3.19.0-GA.jar, C:\Users\charl\.ivy2\cache\com.typesafe.play\play-iteratees_2.11\jars\play-iteratees_2.11-2.4.6.jar, C:\Users\charl\.ivy2\cache\org.scala-stm\scala-stm_2.11\jars\scala-stm_2.11-0.7.jar, C:\Users\charl\.ivy2\cache\com.typesafe\config\bundles\config-1.3.0.jar, C:\Users\charl\.ivy2\cache\com.typesafe.play\play-json_2.11\jars\play-json_2.11-2.4.6.jar, C:\Users\charl\.ivy2\cache\com.typesafe.play\play-functional_2.11\jars\play-functional_2.11-2.4.6.jar, C:\Users\charl\.ivy2\cache\com.typesafe.play\play-datacommons_2.11\jars\play-datacommons_2.11-2.4.6.jar, C:\Users\charl\.ivy2\cache\joda-time\joda-time\jars\joda-time-2.8.1.jar, C:\Users\charl\.ivy2\cache\org.joda\joda-convert\jars\joda-convert-1.7.jar, C:\Users\charl\.ivy2\cache\org.scala-lang\scala-reflect\jars\scala-reflect-2.11.6.jar, C:\Users\charl\.ivy2\cache\com.fasterxml.jackson.core\jackson-core\bundles\jackson-core-2.5.4.jar, C:\Users\charl\.ivy2\cache\com.fasterxml.jackson.core\jackson-annotations\bundles\jackson-annotations-2.5.4.jar, C:\Users\charl\.ivy2\cache\com.fasterxml.jackson.core\jackson-databind\bundles\jackson-databind-2.5.4.jar, C:\Users\charl\.ivy2\cache\com.fasterxml.jackson.datatype\jackson-datatype-jdk8\bundles\jackson-datatype-jdk8-2.5.4.jar, C:\Users\charl\.ivy2\cache\com.fasterxml.jackson.datatype\jackson-datatype-jsr310\bundles\jackson-datatype-jsr310-2.5.4.jar, C:\Users\charl\.ivy2\cache\com.typesafe.play\play-netty-utils\jars\play-netty-utils-2.4.6.jar, C:\Users\charl\.ivy2\cache\org.slf4j\slf4j-api\jars\slf4j-api-1.7.12.jar, C:\Users\charl\.ivy2\cache\org.slf4j\jul-to-slf4j\jars\jul-to-slf4j-1.7.12.jar, C:\Users\charl\.ivy2\cache\org.slf4j\jcl-over-slf4j\jars\jcl-over-slf4j-1.7.12.jar, C:\Users\charl\.ivy2\cache\org.scala-lang.modules\scala-parser-combinators_2.11\bundles\scala-parser-combinators_2.11-1.0.1.jar, C:\Users\charl\.ivy2\cache\ch.qos.logback\logback-core\jars\logback-core-1.1.3.jar, C:\Users\charl\.ivy2\cache\ch.qos.logback\logback-classic\jars\logback-classic-1.1.3.jar, C:\Users\charl\.ivy2\cache\com.typesafe.akka\akka-actor_2.11\jars\akka-actor_2.11-2.3.13.jar, C:\Users\charl\.ivy2\cache\com.typesafe.akka\akka-slf4j_2.11\jars\akka-slf4j_2.11-2.3.13.jar, C:\Users\charl\.ivy2\cache\commons-codec\commons-codec\jars\commons-codec-1.10.jar, C:\Users\charl\.ivy2\cache\xerces\xercesImpl\jars\xercesImpl-2.11.0.jar, C:\Users\charl\.ivy2\cache\xml-apis\xml-apis\jars\xml-apis-1.4.01.jar, C:\Users\charl\.ivy2\cache\javax.transaction\jta\jars\jta-1.1.jar, C:\Users\charl\.ivy2\cache\com.google.inject\guice\jars\guice-4.0.jar, C:\Users\charl\.ivy2\cache\javax.inject\javax.inject\jars\javax.inject-1.jar, C:\Users\charl\.ivy2\cache\aopalliance\aopalliance\jars\aopalliance-1.0.jar, C:\Users\charl\.ivy2\cache\com.google.inject.extensions\guice-assistedinject\jars\guice-assistedinject-4.0.jar, C:\Users\charl\.ivy2\cache\com.typesafe.play\play-netty-server_2.11\jars\play-netty-server_2.11-2.4.6.jar, C:\Users\charl\.ivy2\cache\io.netty\netty\bundles\netty-3.10.4.Final.jar, C:\Users\charl\.ivy2\cache\com.typesafe.netty\netty-http-pipelining\jars\netty-http-pipelining-1.1.4.jar, C:\Users\charl\.ivy2\cache\com.typesafe.play\play-jdbc_2.11\jars\play-jdbc_2.11-2.4.6.jar, C:\Users\charl\.ivy2\cache\com.typesafe.play\play-jdbc-api_2.11\jars\play-jdbc-api_2.11-2.4.6.jar, C:\Users\charl\.ivy2\cache\com.jolbox\bonecp\bundles\bonecp-0.8.0.RELEASE.jar, C:\Users\charl\.ivy2\cache\com.zaxxer\HikariCP\bundles\HikariCP-2.3.7.jar, C:\Users\charl\.ivy2\cache\com.h2database\h2\jars\h2-1.4.187.jar, C:\Users\charl\.ivy2\cache\tyrex\tyrex\jars\tyrex-1.0.1.jar, C:\Users\charl\.ivy2\cache\com.typesafe.play\play-cache_2.11\jars\play-cache_2.11-2.4.6.jar, C:\Users\charl\.ivy2\cache\net.sf.ehcache\ehcache-core\jars\ehcache-core-2.6.11.jar, C:\Users\charl\.ivy2\cache\com.typesafe.play\play-ws_2.11\jars\play-ws_2.11-2.4.6.jar, C:\Users\charl\.ivy2\cache\com.google.guava\guava\bundles\guava-18.0.jar, C:\Users\charl\.ivy2\cache\com.ning\async-http-client\jars\async-http-client-1.9.21.jar, C:\Users\charl\.ivy2\cache\oauth.signpost\signpost-core\jars\signpost-core-1.2.1.2.jar, C:\Users\charl\.ivy2\cache\oauth.signpost\signpost-commonshttp4\jars\signpost-commonshttp4-1.2.1.2.jar, C:\Users\charl\.ivy2\cache\org.apache.httpcomponents\httpcore\jars\httpcore-4.0.1.jar, C:\Users\charl\.ivy2\cache\org.apache.httpcomponents\httpclient\jars\httpclient-4.0.1.jar, C:\Users\charl\.ivy2\cache\commons-logging\commons-logging\jars\commons-logging-1.1.1.jar),List((public/,C:\Users\charl\workspace\NBG_IMS\target\web\public\main)),List(C:\Users\charl\.ivy2\cache\com.typesafe.play\play-omnidoc_2.11\jars\play-omnidoc_2.11-2.4.6.jar, C:\Users\charl\.ivy2\cache\org.scala-lang\scala-library\jars\scala-library-2.11.6.jar, C:\Users\charl\.ivy2\cache\com.typesafe.play\play-docs_2.11\jars\play-docs_2.11-2.4.6.jar, C:\Users\charl\.ivy2\cache\com.typesafe.play\play-netty-server_2.11\jars\play-netty-server_2.11-2.4.6.jar, C:\Users\charl\.ivy2\cache\com.typesafe.play\play-server_2.11\jars\play-server_2.11-2.4.6.jar, C:\Users\charl\.ivy2\cache\com.typesafe.play\play_2.11\jars\play_2.11-2.4.6.jar, C:\Users\charl\.ivy2\cache\com.typesafe.play\build-link\jars\build-link-2.4.6.jar, C:\Users\charl\.ivy2\cache\com.typesafe.play\play-exceptions\jars\play-exceptions-2.4.6.jar, C:\Users\charl\.ivy2\cache\org.javassist\javassist\bundles\javassist-3.19.0-GA.jar, C:\Users\charl\.ivy2\cache\com.typesafe.play\play-iteratees_2.11\jars\play-iteratees_2.11-2.4.6.jar, C:\Users\charl\.ivy2\cache\org.scala-stm\scala-stm_2.11\jars\scala-stm_2.11-0.7.jar, C:\Users\charl\.ivy2\cache\com.typesafe\config\bundles\config-1.3.0.jar, C:\Users\charl\.ivy2\cache\com.typesafe.play\play-json_2.11\jars\play-json_2.11-2.4.6.jar, C:\Users\charl\.ivy2\cache\com.typesafe.play\play-functional_2.11\jars\play-functional_2.11-2.4.6.jar, C:\Users\charl\.ivy2\cache\com.typesafe.play\play-datacommons_2.11\jars\play-datacommons_2.11-2.4.6.jar, C:\Users\charl\.ivy2\cache\joda-time\joda-time\jars\joda-time-2.8.1.jar, C:\Users\charl\.ivy2\cache\org.joda\joda-convert\jars\joda-convert-1.7.jar, C:\Users\charl\.ivy2\cache\org.scala-lang\scala-reflect\jars\scala-reflect-2.11.6.jar, C:\Users\charl\.ivy2\cache\com.fasterxml.jackson.core\jackson-core\bundles\jackson-core-2.5.4.jar, C:\Users\charl\.ivy2\cache\com.fasterxml.jackson.core\jackson-annotations\bundles\jackson-annotations-2.5.4.jar, C:\Users\charl\.ivy2\cache\com.fasterxml.jackson.core\jackson-databind\bundles\jackson-databind-2.5.4.jar, C:\Users\charl\.ivy2\cache\com.fasterxml.jackson.datatype\jackson-datatype-jdk8\bundles\jackson-datatype-jdk8-2.5.4.jar, C:\Users\charl\.ivy2\cache\com.fasterxml.jackson.datatype\jackson-datatype-jsr310\bundles\jackson-datatype-jsr310-2.5.4.jar, C:\Users\charl\.ivy2\cache\com.typesafe.play\play-netty-utils\jars\play-netty-utils-2.4.6.jar, C:\Users\charl\.ivy2\cache\org.slf4j\slf4j-api\jars\slf4j-api-1.7.12.jar, C:\Users\charl\.ivy2\cache\org.slf4j\jul-to-slf4j\jars\jul-to-slf4j-1.7.12.jar, C:\Users\charl\.ivy2\cache\org.slf4j\jcl-over-slf4j\jars\jcl-over-slf4j-1.7.12.jar, C:\Users\charl\.ivy2\cache\com.typesafe.play\twirl-api_2.11\jars\twirl-api_2.11-1.1.1.jar, C:\Users\charl\.ivy2\cache\org.apache.commons\commons-lang3\jars\commons-lang3-3.4.jar, C:\Users\charl\.ivy2\cache\org.scala-lang.modules\scala-xml_2.11\bundles\scala-xml_2.11-1.0.1.jar, C:\Users\charl\.ivy2\cache\org.scala-lang.modules\scala-parser-combinators_2.11\bundles\scala-parser-combinators_2.11-1.0.1.jar, C:\Users\charl\.ivy2\cache\ch.qos.logback\logback-core\jars\logback-core-1.1.3.jar, C:\Users\charl\.ivy2\cache\ch.qos.logback\logback-classic\jars\logback-classic-1.1.3.jar, C:\Users\charl\.ivy2\cache\com.typesafe.akka\akka-actor_2.11\jars\akka-actor_2.11-2.3.13.jar, C:\Users\charl\.ivy2\cache\com.typesafe.akka\akka-slf4j_2.11\jars\akka-slf4j_2.11-2.3.13.jar, C:\Users\charl\.ivy2\cache\commons-codec\commons-codec\jars\commons-codec-1.10.jar, C:\Users\charl\.ivy2\cache\xerces\xercesImpl\jars\xercesImpl-2.11.0.jar, C:\Users\charl\.ivy2\cache\xml-apis\xml-apis\jars\xml-apis-1.4.01.jar, C:\Users\charl\.ivy2\cache\javax.transaction\jta\jars\jta-1.1.jar, C:\Users\charl\.ivy2\cache\com.google.inject\guice\jars\guice-4.0.jar, C:\Users\charl\.ivy2\cache\javax.inject\javax.inject\jars\javax.inject-1.jar, C:\Users\charl\.ivy2\cache\aopalliance\aopalliance\jars\aopalliance-1.0.jar, C:\Users\charl\.ivy2\cache\com.google.guava\guava\bundles\guava-16.0.1.jar, C:\Users\charl\.ivy2\cache\com.google.inject.extensions\guice-assistedinject\jars\guice-assistedinject-4.0.jar, C:\Users\charl\.ivy2\cache\io.netty\netty\bundles\netty-3.10.4.Final.jar, C:\Users\charl\.ivy2\cache\com.typesafe.netty\netty-http-pipelining\jars\netty-http-pipelining-1.1.4.jar, C:\Users\charl\.ivy2\cache\com.typesafe.play\play-doc_2.11\jars\play-doc_2.11-1.2.2.jar, C:\Users\charl\.ivy2\cache\org.pegdown\pegdown\jars\pegdown-1.4.0.jar, C:\Users\charl\.ivy2\cache\org.parboiled\parboiled-java\bundles\parboiled-java-1.1.5.jar, C:\Users\charl\.ivy2\cache\org.parboiled\parboiled-core\bundles\parboiled-core-1.1.5.jar, C:\Users\charl\.ivy2\cache\org.ow2.asm\asm\jars\asm-4.1.jar, C:\Users\charl\.ivy2\cache\org.ow2.asm\asm-tree\jars\asm-tree-4.1.jar, C:\Users\charl\.ivy2\cache\org.ow2.asm\asm-analysis\jars\asm-analysis-4.1.jar, C:\Users\charl\.ivy2\cache\org.ow2.asm\asm-util\jars\asm-util-4.1.jar, C:\Users\charl\.ivy2\cache\commons-io\commons-io\jars\commons-io-2.4.jar),Some(C:\Users\charl\.ivy2\cache\com.typesafe.play\play-omnidoc_2.11\jars\play-omnidoc_2.11-2.4.6.jar),List(),9000,0.0.0.0,DefaultWatchService,List(C:\Users\charl\workspace\NBG_IMS\public, C:\Users\charl\workspace\NBG_IMS\conf, C:\Users\charl\workspace\NBG_IMS\app),C:\Users\charl\workspace\NBG_IMS\target,500,root/playForkNotifyStart,root/playForkReload,300000,play.core.server.DevServerStart),scala.pickling.PicklerUnpickler$DelegatingPicklerUnpickler@2ebb2e),ForkConfig(C:\Users\charl\workspace\NBG_IMS,List(),List(C:\Users\charl\.ivy2\cache\org.scala-lang\scala-library\jars\scala-library-2.11.6.jar, C:\Users\charl\.ivy2\cache\com.typesafe.play\twirl-api_2.11\jars\twirl-api_2.11-1.1.1.jar, C:\Users\charl\.ivy2\cache\org.apache.commons\commons-lang3\jars\commons-lang3-3.4.jar, C:\Users\charl\.ivy2\cache\org.scala-lang.modules\scala-xml_2.11\bundles\scala-xml_2.11-1.0.1.jar, C:\Users\charl\.ivy2\cache\com.typesafe.play\play-server_2.11\jars\play-server_2.11-2.4.6.jar, C:\Users\charl\.ivy2\cache\com.typesafe.play\play_2.11\jars\play_2.11-2.4.6.jar, C:\Users\charl\.ivy2\cache\com.typesafe.play\build-link\jars\build-link-2.4.6.jar, C:\Users\charl\.ivy2\cache\com.typesafe.play\play-exceptions\jars\play-exceptions-2.4.6.jar, C:\Users\charl\.ivy2\cache\org.javassist\javassist\bundles\javassist-3.19.0-GA.jar, C:\Users\charl\.ivy2\cache\com.typesafe.play\play-iteratees_2.11\jars\play-iteratees_2.11-2.4.6.jar, C:\Users\charl\.ivy2\cache\org.scala-stm\scala-stm_2.11\jars\scala-stm_2.11-0.7.jar, C:\Users\charl\.ivy2\cache\com.typesafe\config\bundles\config-1.3.0.jar, C:\Users\charl\.ivy2\cache\com.typesafe.play\play-json_2.11\jars\play-json_2.11-2.4.6.jar, C:\Users\charl\.ivy2\cache\com.typesafe.play\play-functional_2.11\jars\play-functional_2.11-2.4.6.jar, C:\Users\charl\.ivy2\cache\com.typesafe.play\play-datacommons_2.11\jars\play-datacommons_2.11-2.4.6.jar, C:\Users\charl\.ivy2\cache\joda-time\joda-time\jars\joda-time-2.8.1.jar, C:\Users\charl\.ivy2\cache\org.joda\joda-convert\jars\joda-convert-1.7.jar, C:\Users\charl\.ivy2\cache\org.scala-lang\scala-reflect\jars\scala-reflect-2.11.6.jar, C:\Users\charl\.ivy2\cache\com.fasterxml.jackson.core\jackson-core\bundles\jackson-core-2.5.4.jar, C:\Users\charl\.ivy2\cache\com.fasterxml.jackson.core\jackson-annotations\bundles\jackson-annotations-2.5.4.jar, C:\Users\charl\.ivy2\cache\com.fasterxml.jackson.core\jackson-databind\bundles\jackson-databind-2.5.4.jar, C:\Users\charl\.ivy2\cache\com.fasterxml.jackson.datatype\jackson-datatype-jdk8\bundles\jackson-datatype-jdk8-2.5.4.jar, C:\Users\charl\.ivy2\cache\com.fasterxml.jackson.datatype\jackson-datatype-jsr310\bundles\jackson-datatype-jsr310-2.5.4.jar, C:\Users\charl\.ivy2\cache\com.typesafe.play\play-netty-utils\jars\play-netty-utils-2.4.6.jar, C:\Users\charl\.ivy2\cache\org.slf4j\slf4j-api\jars\slf4j-api-1.7.12.jar, C:\Users\charl\.ivy2\cache\org.slf4j\jul-to-slf4j\jars\jul-to-slf4j-1.7.12.jar, C:\Users\charl\.ivy2\cache\org.slf4j\jcl-over-slf4j\jars\jcl-over-slf4j-1.7.12.jar, C:\Users\charl\.ivy2\cache\org.scala-lang.modules\scala-parser-combinators_2.11\bundles\scala-parser-combinators_2.11-1.0.1.jar, C:\Users\charl\.ivy2\cache\ch.qos.logback\logback-core\jars\logback-core-1.1.3.jar, C:\Users\charl\.ivy2\cache\ch.qos.logback\logback-classic\jars\logback-classic-1.1.3.jar, C:\Users\charl\.ivy2\cache\com.typesafe.akka\akka-actor_2.11\jars\akka-actor_2.11-2.3.13.jar, C:\Users\charl\.ivy2\cache\com.typesafe.akka\akka-slf4j_2.11\jars\akka-slf4j_2.11-2.3.13.jar, C:\Users\charl\.ivy2\cache\commons-codec\commons-codec\jars\commons-codec-1.10.jar, C:\Users\charl\.ivy2\cache\xerces\xercesImpl\jars\xercesImpl-2.11.0.jar, C:\Users\charl\.ivy2\cache\xml-apis\xml-apis\jars\xml-apis-1.4.01.jar, C:\Users\charl\.ivy2\cache\javax.transaction\jta\jars\jta-1.1.jar, C:\Users\charl\.ivy2\cache\com.google.inject\guice\jars\guice-4.0.jar, C:\Users\charl\.ivy2\cache\javax.inject\javax.inject\jars\javax.inject-1.jar, C:\Users\charl\.ivy2\cache\aopalliance\aopalliance\jars\aopalliance-1.0.jar, C:\Users\charl\.ivy2\cache\com.google.inject.extensions\guice-assistedinject\jars\guice-assistedinject-4.0.jar, C:\Users\charl\.ivy2\cache\com.typesafe.play\play-netty-server_2.11\jars\play-netty-server_2.11-2.4.6.jar, C:\Users\charl\.ivy2\cache\io.netty\netty\bundles\netty-3.10.4.Final.jar, C:\Users\charl\.ivy2\cache\com.typesafe.netty\netty-http-pipelining\jars\netty-http-pipelining-1.1.4.jar, C:\Users\charl\.ivy2\cache\com.typesafe.play\play-jdbc_2.11\jars\play-jdbc_2.11-2.4.6.jar, C:\Users\charl\.ivy2\cache\com.typesafe.play\play-jdbc-api_2.11\jars\play-jdbc-api_2.11-2.4.6.jar, C:\Users\charl\.ivy2\cache\com.jolbox\bonecp\bundles\bonecp-0.8.0.RELEASE.jar, C:\Users\charl\.ivy2\cache\com.zaxxer\HikariCP\bundles\HikariCP-2.3.7.jar, C:\Users\charl\.ivy2\cache\com.h2database\h2\jars\h2-1.4.187.jar, C:\Users\charl\.ivy2\cache\tyrex\tyrex\jars\tyrex-1.0.1.jar, C:\Users\charl\.ivy2\cache\com.typesafe.play\play-cache_2.11\jars\play-cache_2.11-2.4.6.jar, C:\Users\charl\.ivy2\cache\net.sf.ehcache\ehcache-core\jars\ehcache-core-2.6.11.jar, C:\Users\charl\.ivy2\cache\com.typesafe.play\play-ws_2.11\jars\play-ws_2.11-2.4.6.jar, C:\Users\charl\.ivy2\cache\com.google.guava\guava\bundles\guava-18.0.jar, C:\Users\charl\.ivy2\cache\com.ning\async-http-client\jars\async-http-client-1.9.21.jar, C:\Users\charl\.ivy2\cache\oauth.signpost\signpost-core\jars\signpost-core-1.2.1.2.jar, C:\Users\charl\.ivy2\cache\oauth.signpost\signpost-commonshttp4\jars\signpost-commonshttp4-1.2.1.2.jar, C:\Users\charl\.ivy2\cache\org.apache.httpcomponents\httpcore\jars\httpcore-4.0.1.jar, C:\Users\charl\.ivy2\cache\org.apache.httpcomponents\httpclient\jars\httpclient-4.0.1.jar, C:\Users\charl\.ivy2\cache\commons-logging\commons-logging\jars\commons-logging-1.1.1.jar),List((public/,C:\Users\charl\workspace\NBG_IMS\target\web\public\main)),List(C:\Users\charl\.ivy2\cache\com.typesafe.play\play-omnidoc_2.11\jars\play-omnidoc_2.11-2.4.6.jar, C:\Users\charl\.ivy2\cache\org.scala-lang\scala-library\jars\scala-library-2.11.6.jar, C:\Users\charl\.ivy2\cache\com.typesafe.play\play-docs_2.11\jars\play-docs_2.11-2.4.6.jar, C:\Users\charl\.ivy2\cache\com.typesafe.play\play-netty-server_2.11\jars\play-netty-server_2.11-2.4.6.jar, C:\Users\charl\.ivy2\cache\com.typesafe.play\play-server_2.11\jars\play-server_2.11-2.4.6.jar, C:\Users\charl\.ivy2\cache\com.typesafe.play\play_2.11\jars\play_2.11-2.4.6.jar, C:\Users\charl\.ivy2\cache\com.typesafe.play\build-link\jars\build-link-2.4.6.jar, C:\Users\charl\.ivy2\cache\com.typesafe.play\play-exceptions\jars\play-exceptions-2.4.6.jar, C:\Users\charl\.ivy2\cache\org.javassist\javassist\bundles\javassist-3.19.0-GA.jar, C:\Users\charl\.ivy2\cache\com.typesafe.play\play-iteratees_2.11\jars\play-iteratees_2.11-2.4.6.jar, C:\Users\charl\.ivy2\cache\org.scala-stm\scala-stm_2.11\jars\scala-stm_2.11-0.7.jar, C:\Users\charl\.ivy2\cache\com.typesafe\config\bundles\config-1.3.0.jar, C:\Users\charl\.ivy2\cache\com.typesafe.play\play-json_2.11\jars\play-json_2.11-2.4.6.jar, C:\Users\charl\.ivy2\cache\com.typesafe.play\play-functional_2.11\jars\play-functional_2.11-2.4.6.jar, C:\Users\charl\.ivy2\cache\com.typesafe.play\play-datacommons_2.11\jars\play-datacommons_2.11-2.4.6.jar, C:\Users\charl\.ivy2\cache\joda-time\joda-time\jars\joda-time-2.8.1.jar, C:\Users\charl\.ivy2\cache\org.joda\joda-convert\jars\joda-convert-1.7.jar, C:\Users\charl\.ivy2\cache\org.scala-lang\scala-reflect\jars\scala-reflect-2.11.6.jar, C:\Users\charl\.ivy2\cache\com.fasterxml.jackson.core\jackson-core\bundles\jackson-core-2.5.4.jar, C:\Users\charl\.ivy2\cache\com.fasterxml.jackson.core\jackson-annotations\bundles\jackson-annotations-2.5.4.jar, C:\Users\charl\.ivy2\cache\com.fasterxml.jackson.core\jackson-databind\bundles\jackson-databind-2.5.4.jar, C:\Users\charl\.ivy2\cache\com.fasterxml.jackson.datatype\jackson-datatype-jdk8\bundles\jackson-datatype-jdk8-2.5.4.jar, C:\Users\charl\.ivy2\cache\com.fasterxml.jackson.datatype\jackson-datatype-jsr310\bundles\jackson-datatype-jsr310-2.5.4.jar, C:\Users\charl\.ivy2\cache\com.typesafe.play\play-netty-utils\jars\play-netty-utils-2.4.6.jar, C:\Users\charl\.ivy2\cache\org.slf4j\slf4j-api\jars\slf4j-api-1.7.12.jar, C:\Users\charl\.ivy2\cache\org.slf4j\jul-to-slf4j\jars\jul-to-slf4j-1.7.12.jar, C:\Users\charl\.ivy2\cache\org.slf4j\jcl-over-slf4j\jars\jcl-over-slf4j-1.7.12.jar, C:\Users\charl\.ivy2\cache\com.typesafe.play\twirl-api_2.11\jars\twirl-api_2.11-1.1.1.jar, C:\Users\charl\.ivy2\cache\org.apache.commons\commons-lang3\jars\commons-lang3-3.4.jar, C:\Users\charl\.ivy2\cache\org.scala-lang.modules\scala-xml_2.11\bundles\scala-xml_2.11-1.0.1.jar, C:\Users\charl\.ivy2\cache\org.scala-lang.modules\scala-parser-combinators_2.11\bundles\scala-parser-combinators_2.11-1.0.1.jar, C:\Users\charl\.ivy2\cache\ch.qos.logback\logback-core\jars\logback-core-1.1.3.jar, C:\Users\charl\.ivy2\cache\ch.qos.logback\logback-classic\jars\logback-classic-1.1.3.jar, C:\Users\charl\.ivy2\cache\com.typesafe.akka\akka-actor_2.11\jars\akka-actor_2.11-2.3.13.jar, C:\Users\charl\.ivy2\cache\com.typesafe.akka\akka-slf4j_2.11\jars\akka-slf4j_2.11-2.3.13.jar, C:\Users\charl\.ivy2\cache\commons-codec\commons-codec\jars\commons-codec-1.10.jar, C:\Users\charl\.ivy2\cache\xerces\xercesImpl\jars\xercesImpl-2.11.0.jar, C:\Users\charl\.ivy2\cache\xml-apis\xml-apis\jars\xml-apis-1.4.01.jar, C:\Users\charl\.ivy2\cache\javax.transaction\jta\jars\jta-1.1.jar, C:\Users\charl\.ivy2\cache\com.google.inject\guice\jars\guice-4.0.jar, C:\Users\charl\.ivy2\cache\javax.inject\javax.inject\jars\javax.inject-1.jar, C:\Users\charl\.ivy2\cache\aopalliance\aopalliance\jars\aopalliance-1.0.jar, C:\Users\charl\.ivy2\cache\com.google.guava\guava\bundles\guava-16.0.1.jar, C:\Users\charl\.ivy2\cache\com.google.inject.extensions\guice-assistedinject\jars\guice-assistedinject-4.0.jar, C:\Users\charl\.ivy2\cache\io.netty\netty\bundles\netty-3.10.4.Final.jar, C:\Users\charl\.ivy2\cache\com.typesafe.netty\netty-http-pipelining\jars\netty-http-pipelining-1.1.4.jar, C:\Users\charl\.ivy2\cache\com.typesafe.play\play-doc_2.11\jars\play-doc_2.11-1.2.2.jar, C:\Users\charl\.ivy2\cache\org.pegdown\pegdown\jars\pegdown-1.4.0.jar, C:\Users\charl\.ivy2\cache\org.parboiled\parboiled-java\bundles\parboiled-java-1.1.5.jar, C:\Users\charl\.ivy2\cache\org.parboiled\parboiled-core\bundles\parboiled-core-1.1.5.jar, C:\Users\charl\.ivy2\cache\org.ow2.asm\asm\jars\asm-4.1.jar, C:\Users\charl\.ivy2\cache\org.ow2.asm\asm-tree\jars\asm-tree-4.1.jar, C:\Users\charl\.ivy2\cache\org.ow2.asm\asm-analysis\jars\asm-analysis-4.1.jar, C:\Users\charl\.ivy2\cache\org.ow2.asm\asm-util\jars\asm-util-4.1.jar, C:\Users\charl\.ivy2\cache\commons-io\commons-io\jars\commons-io-2.4.jar),Some(C:\Users\charl\.ivy2\cache\com.typesafe.play\play-omnidoc_2.11\jars\play-omnidoc_2.11-2.4.6.jar),List(),9000,0.0.0.0,DefaultWatchService,List(C:\Users\charl\workspace\NBG_IMS\public, C:\Users\charl\workspace\NBG_IMS\conf, C:\Users\charl\workspace\NBG_IMS\app),C:\Users\charl\workspace\NBG_IMS\target,500,root/playForkNotifyStart,root/playForkReload,300000,play.core.server.DevServerStart))))
Sending msg to client play-fork-run-712d7d4d-9669-4fa8-bf26-15316a1b78ae: TaskStarted(14,1321,None)
Sending msg to client play-fork-run-712d7d4d-9669-4fa8-bf26-15316a1b78ae: TaskFinished(14,1321,None,true,None)
Sending msg to client play-fork-run-712d7d4d-9669-4fa8-bf26-15316a1b78ae: TaskStarted(14,1320,None)
Sending msg to client play-fork-run-712d7d4d-9669-4fa8-bf26-15316a1b78ae: TaskFinished(14,1320,None,true,None)
Sending msg to client play-fork-run-712d7d4d-9669-4fa8-bf26-15316a1b78ae: DetachedLogEvent(LogMessage(debug,cancel strategy finish enabled=false lastCommand=Some(LastCommand(CommandExecutionWork(ExecutionId(14),{file:/C:/Users/charl/workspace/NBG_IMS/}root/*:playForkConfig,Set(LiveClient(play-fork-run 712d7d4d-9669-4fa8-bf26-15316a1b78ae)),sbt.server.WorkCancellationStatus$$anon$1@f54ec46)))))
Sending msg to client play-fork-run-712d7d4d-9669-4fa8-bf26-15316a1b78ae: DetachedLogEvent(LogSuccess(Total time: 1 s, completed 31-Dec-2015 12:07:45))
Sending msg to client play-fork-run-712d7d4d-9669-4fa8-bf26-15316a1b78ae: DetachedLogEvent(LogMessage(debug,> server-post-command-cleanup))
Sending msg to client play-fork-run-712d7d4d-9669-4fa8-bf26-15316a1b78ae: ExecutionSuccess(14)
Sending msg to client play-fork-run-712d7d4d-9669-4fa8-bf26-15316a1b78ae: DetachedLogEvent(LogMessage(debug,> server-handle-next-server-request))
Sending msg to client play-fork-run-712d7d4d-9669-4fa8-bf26-15316a1b78ae: BackgroundJobLogEvent(1,LogMessage(info,))
Sending msg to client play-fork-run-712d7d4d-9669-4fa8-bf26-15316a1b78ae: BackgroundJobLogEvent(1,LogMessage(info,--- (Running the application, auto-reloading is enabled) ---))
Sending msg to client play-fork-run-712d7d4d-9669-4fa8-bf26-15316a1b78ae: BackgroundJobLogEvent(1,LogMessage(info,))
Sending msg to client play-fork-run-712d7d4d-9669-4fa8-bf26-15316a1b78ae: BackgroundJobLogEvent(1,LogMessage(info,p.c.s.NettyServer - Listening for HTTP on /0:0:0:0:0:0:0:0:9000))
Sending msg to client play-fork-run-712d7d4d-9669-4fa8-bf26-15316a1b78ae: BackgroundJobLogEvent(1,LogMessage(info,))
Sending msg to client play-fork-run-712d7d4d-9669-4fa8-bf26-15316a1b78ae: BackgroundJobLogEvent(1,LogMessage(info,(Server started, use Ctrl+D to stop and go back to the console...)))
Sending msg to client play-fork-run-712d7d4d-9669-4fa8-bf26-15316a1b78ae: BackgroundJobLogEvent(1,LogMessage(info,))
Got request: ExecutionRequest(root/playForkNotifyStart http://localhost:9000)
Reading next message from client.
Sending msg to client play-fork-run-712d7d4d-9669-4fa8-bf26-15316a1b78ae: (8,ExecutionRequestReceived(15))
Sending msg to client play-fork-run-712d7d4d-9669-4fa8-bf26-15316a1b78ae: ExecutionWaiting(15,root/playForkNotifyStart http://localhost:9000,ClientInfo(712d7d4d-9669-4fa8-bf26-15316a1b78ae,play-fork-run,Play Fork Run,1,Vector()))
Sending msg to client play-fork-run-712d7d4d-9669-4fa8-bf26-15316a1b78ae: ExecutionStarting(15)
Sending msg to client play-fork-run-712d7d4d-9669-4fa8-bf26-15316a1b78ae: DetachedLogEvent(LogMessage(debug,> root/playForkNotifyStart http://localhost:9000))
Sending msg to client play-fork-run-712d7d4d-9669-4fa8-bf26-15316a1b78ae: DetachedLogEvent(LogMessage(debug,Evaluating tasks: *:playForkNotifyStart))
Sending msg to client play-fork-run-712d7d4d-9669-4fa8-bf26-15316a1b78ae: DetachedLogEvent(LogMessage(debug,Running task... Cancel: sbt.server.ServerTaskCancellation@669f1398, check cycles: false))
Sending msg to client play-fork-run-712d7d4d-9669-4fa8-bf26-15316a1b78ae: DetachedLogEvent(LogMessage(debug,cancel strategy start enabled=true lastCommand=Some(LastCommand(CommandExecutionWork(ExecutionId(15),root/playForkNotifyStart http://localhost:9000,Set(LiveClient(play-fork-run 712d7d4d-9669-4fa8-bf26-15316a1b78ae)),sbt.server.WorkCancellationStatus$$anon$1@d956a3f)))))
Sending msg to client play-fork-run-712d7d4d-9669-4fa8-bf26-15316a1b78ae: TaskStarted(15,1398,Some(AttributeKey[sbt.SendEventService]("sendEventService") in Scope(Global)))
Sending msg to client play-fork-run-712d7d4d-9669-4fa8-bf26-15316a1b78ae: TaskFinished(15,1398,Some(AttributeKey[sbt.SendEventService]("sendEventService") in Scope(Global)),true,None)
Sending msg to client play-fork-run-712d7d4d-9669-4fa8-bf26-15316a1b78ae: TaskStarted(15,1397,Some(AttributeKey[scala.Function1[java.lang.String,void]]("playForkStarted") in Scope(Build: file:/C:/Users/charl/workspace/NBG_IMS/, , Project: ProjectReference(file:/C:/Users/charl/workspace/NBG_IMS/,root))))
Sending msg to client play-fork-run-712d7d4d-9669-4fa8-bf26-15316a1b78ae: TaskFinished(15,1397,Some(AttributeKey[scala.Function1[java.lang.String,void]]("playForkStarted") in Scope(Build: file:/C:/Users/charl/workspace/NBG_IMS/, , Project: ProjectReference(file:/C:/Users/charl/workspace/NBG_IMS/,root))),true,None)
Sending msg to client play-fork-run-712d7d4d-9669-4fa8-bf26-15316a1b78ae: TaskStarted(15,1396,Some(AttributeKey[void]("playForkNotifyStart") in Scope(Build: file:/C:/Users/charl/workspace/NBG_IMS/, , Project: ProjectReference(file:/C:/Users/charl/workspace/NBG_IMS/,root))))
Sending msg to client play-fork-run-712d7d4d-9669-4fa8-bf26-15316a1b78ae: TaskEvent(1396,LazyValue(PlayServerStarted(http://localhost:9000),play.forkrun.protocol.Serializers$PlayForkrunProtocolPlayServerStartedPickler1$2$@33daa1e3))
Sending msg to client play-fork-run-712d7d4d-9669-4fa8-bf26-15316a1b78ae: TaskFinished(15,1396,Some(AttributeKey[void]("playForkNotifyStart") in Scope(Build: file:/C:/Users/charl/workspace/NBG_IMS/, , Project: ProjectReference(file:/C:/Users/charl/workspace/NBG_IMS/,root))),true,None)
Sending msg to client play-fork-run-712d7d4d-9669-4fa8-bf26-15316a1b78ae: TaskStarted(15,1395,None)
Sending msg to client play-fork-run-712d7d4d-9669-4fa8-bf26-15316a1b78ae: TaskFinished(15,1395,None,true,None)
Sending msg to client play-fork-run-712d7d4d-9669-4fa8-bf26-15316a1b78ae: TaskStarted(15,1394,None)
Sending msg to client play-fork-run-712d7d4d-9669-4fa8-bf26-15316a1b78ae: TaskFinished(15,1394,None,true,None)
Sending msg to client play-fork-run-712d7d4d-9669-4fa8-bf26-15316a1b78ae: DetachedLogEvent(LogMessage(debug,cancel strategy finish enabled=false lastCommand=Some(LastCommand(CommandExecutionWork(ExecutionId(15),root/playForkNotifyStart http://localhost:9000,Set(LiveClient(play-fork-run 712d7d4d-9669-4fa8-bf26-15316a1b78ae)),sbt.server.WorkCancellationStatus$$anon$1@d956a3f)))))
Sending msg to client play-fork-run-712d7d4d-9669-4fa8-bf26-15316a1b78ae: DetachedLogEvent(LogSuccess(Total time: 0 s, completed 31-Dec-2015 12:07:49))
Sending msg to client play-fork-run-712d7d4d-9669-4fa8-bf26-15316a1b78ae: DetachedLogEvent(LogMessage(debug,> server-post-command-cleanup))
Sending msg to client play-fork-run-712d7d4d-9669-4fa8-bf26-15316a1b78ae: ExecutionSuccess(15)
Sending msg to client play-fork-run-712d7d4d-9669-4fa8-bf26-15316a1b78ae: DetachedLogEvent(LogMessage(debug,> server-handle-next-server-request))
Client play-fork-run-712d7d4d-9669-4fa8-bf26-15316a1b78ae closed, java.net.SocketException: Socket closed, shutting down
Client play-fork-run-712d7d4d-9669-4fa8-bf26-15316a1b78ae thread exiting.
Dropping message (0,ReceivedResponse()) to dead client play-fork-run-712d7d4d-9669-4fa8-bf26-15316a1b78ae
Closing the 1480@FoxyOrange logs at Thu Dec 31 12:25:43 GMT 2015, goodbye.
